<?xml version="1.0" encoding="UTF-8"?>
<testsuite name="TestSuite" time="0.932" tests="31" errors="0" skipped="0" failures="0">
  <properties>
    <property name="java.runtime.name" value="Java(TM) SE Runtime Environment"/>
    <property name="sun.boot.library.path" value="C:\Program Files\Java\jdk1.8.0_101\jre\bin"/>
    <property name="java.vm.version" value="25.101-b13"/>
    <property name="java.vm.vendor" value="Oracle Corporation"/>
    <property name="maven.multiModuleProjectDirectory" value="C:\Users\dansj\workspace\Assignment07 161102"/>
    <property name="java.vendor.url" value="http://java.oracle.com/"/>
    <property name="path.separator" value=";"/>
    <property name="guice.disable.misplaced.annotation.check" value="true"/>
    <property name="java.vm.name" value="Java HotSpot(TM) 64-Bit Server VM"/>
    <property name="file.encoding.pkg" value="sun.io"/>
    <property name="user.script" value=""/>
    <property name="user.country" value="SE"/>
    <property name="sun.java.launcher" value="SUN_STANDARD"/>
    <property name="sun.os.patch.level" value=""/>
    <property name="java.vm.specification.name" value="Java Virtual Machine Specification"/>
    <property name="user.dir" value="C:\Users\dansj\workspace\Assignment07 161102"/>
    <property name="java.runtime.version" value="1.8.0_101-b13"/>
    <property name="java.awt.graphicsenv" value="sun.awt.Win32GraphicsEnvironment"/>
    <property name="java.endorsed.dirs" value="C:\Program Files\Java\jdk1.8.0_101\jre\lib\endorsed"/>
    <property name="os.arch" value="amd64"/>
    <property name="java.io.tmpdir" value="C:\Users\dansj\AppData\Local\Temp\"/>
    <property name="line.separator" value="&#10;"/>
    <property name="java.vm.specification.vendor" value="Oracle Corporation"/>
    <property name="user.variant" value=""/>
    <property name="os.name" value="Windows 10"/>
    <property name="classworlds.conf" value="C:\Users\dansj\workspace\.metadata\.plugins\org.eclipse.m2e.launching\launches\m2conf7189910756758023889.tmp"/>
    <property name="sun.jnu.encoding" value="Cp1252"/>
    <property name="java.library.path" value="C:\Program Files\Java\jdk1.8.0_101\bin;C:\WINDOWS\Sun\Java\bin;C:\WINDOWS\system32;C:\WINDOWS;C:/Program Files/Java/jdk1.8.0_101/bin/../jre/bin/server;C:/Program Files/Java/jdk1.8.0_101/bin/../jre/bin;C:/Program Files/Java/jdk1.8.0_101/bin/../jre/lib/amd64;C:\Program Files (x86)\Intel\iCLS Client\;C:\Program Files\Intel\iCLS Client\;C:\Windows\system32;C:\Windows;C:\Windows\System32\Wbem;C:\Windows\System32\WindowsPowerShell\v1.0\;C:\Program Files (x86)\NVIDIA Corporation\PhysX\Common;C:\Program Files (x86)\Intel\Intel(R) Management Engine Components\DAL;C:\Program Files\Intel\Intel(R) Management Engine Components\DAL;C:\Program Files (x86)\Intel\Intel(R) Management Engine Components\IPT;C:\Program Files\Intel\Intel(R) Management Engine Components\IPT;C:\Program Files (x86)\Skype\Phone\;C:\WINDOWS\system32\config\systemprofile\.dnx\bin;C:\Program Files\Microsoft DNX\Dnvm\;C:\Program Files\Microsoft SQL Server\130\Tools\Binn\;C:\WINDOWS\system32;C:\WINDOWS;C:\WINDOWS\System32\Wbem;C:\WINDOWS\System32\WindowsPowerShell\v1.0\;C:\Program Files\Intel\WiFi\bin\;C:\Program Files\Common Files\Intel\WirelessCommon\;C:\Program Files\Git\cmd;C:\apache-maven-3.3.9\bin;C:\Program Files\Java\jdk1.8.0_101\bin;C:\Program Files\Intel\WiFi\bin\;C:\Program Files\Common Files\Intel\WirelessCommon\;%USERPROFILE%\AppData\Local\Microsoft\WindowsApps;;C:\Users\dansj\Desktop;;."/>
    <property name="java.specification.name" value="Java Platform API Specification"/>
    <property name="java.class.version" value="52.0"/>
    <property name="sun.management.compiler" value="HotSpot 64-Bit Tiered Compilers"/>
    <property name="os.version" value="10.0"/>
    <property name="user.home" value="C:\Users\dansj"/>
    <property name="user.timezone" value="Europe/Berlin"/>
    <property name="java.awt.printerjob" value="sun.awt.windows.WPrinterJob"/>
    <property name="java.specification.version" value="1.8"/>
    <property name="file.encoding" value="Cp1252"/>
    <property name="user.name" value="dansj"/>
    <property name="java.class.path" value="C:\apache-maven-3.3.9\boot\plexus-classworlds-2.5.2.jar"/>
    <property name="java.vm.specification.version" value="1.8"/>
    <property name="sun.arch.data.model" value="64"/>
    <property name="java.home" value="C:\Program Files\Java\jdk1.8.0_101\jre"/>
    <property name="sun.java.command" value="org.codehaus.plexus.classworlds.launcher.Launcher -B install"/>
    <property name="java.specification.vendor" value="Oracle Corporation"/>
    <property name="user.language" value="sv"/>
    <property name="awt.toolkit" value="sun.awt.windows.WToolkit"/>
    <property name="java.vm.info" value="mixed mode"/>
    <property name="java.version" value="1.8.0_101"/>
    <property name="java.ext.dirs" value="C:\Program Files\Java\jdk1.8.0_101\jre\lib\ext;C:\WINDOWS\Sun\Java\lib\ext"/>
    <property name="sun.boot.class.path" value="C:\Program Files\Java\jdk1.8.0_101\jre\lib\resources.jar;C:\Program Files\Java\jdk1.8.0_101\jre\lib\rt.jar;C:\Program Files\Java\jdk1.8.0_101\jre\lib\sunrsasign.jar;C:\Program Files\Java\jdk1.8.0_101\jre\lib\jsse.jar;C:\Program Files\Java\jdk1.8.0_101\jre\lib\jce.jar;C:\Program Files\Java\jdk1.8.0_101\jre\lib\charsets.jar;C:\Program Files\Java\jdk1.8.0_101\jre\lib\jfr.jar;C:\Program Files\Java\jdk1.8.0_101\jre\classes"/>
    <property name="java.vendor" value="Oracle Corporation"/>
    <property name="maven.home" value="C:\apache-maven-3.3.9"/>
    <property name="file.separator" value="\"/>
    <property name="java.vendor.url.bug" value="http://bugreport.sun.com/bugreport/"/>
    <property name="sun.cpu.endian" value="little"/>
    <property name="sun.io.unicode.encoding" value="UnicodeLittle"/>
    <property name="sun.desktop" value="windows"/>
    <property name="sun.cpu.isalist" value="amd64"/>
  </properties>
  <testcase name="testMultiplication1 on testMultiplication1(junit_tests.BasicOperationsTest)" classname="junit_tests.BasicOperationsTest" time="0.064"/>
  <testcase name="testMultiplication2 on testMultiplication2(junit_tests.BasicOperationsTest)" classname="junit_tests.BasicOperationsTest" time="0.069"/>
  <testcase name="testMultiplication3 on testMultiplication3(junit_tests.BasicOperationsTest)" classname="junit_tests.BasicOperationsTest" time="0.03"/>
  <testcase name="testDivision1 on testDivision1(junit_tests.BasicOperationsTest)" classname="junit_tests.BasicOperationsTest" time="0.027"/>
  <testcase name="testDivision2 on testDivision2(junit_tests.BasicOperationsTest)" classname="junit_tests.BasicOperationsTest" time="0.059"/>
  <testcase name="testDivision3 on testDivision3(junit_tests.BasicOperationsTest)" classname="junit_tests.BasicOperationsTest" time="0.062"/>
  <testcase name="testAddition1 on testAddition1(junit_tests.BasicOperationsTest)" classname="junit_tests.BasicOperationsTest" time="0.05"/>
  <testcase name="testAddition2 on testAddition2(junit_tests.BasicOperationsTest)" classname="junit_tests.BasicOperationsTest" time="0.005"/>
  <testcase name="testAddition3 on testAddition3(junit_tests.BasicOperationsTest)" classname="junit_tests.BasicOperationsTest" time="0.004"/>
  <testcase name="testSubtraction1 on testSubtraction1(junit_tests.BasicOperationsTest)" classname="junit_tests.BasicOperationsTest" time="0.017"/>
  <testcase name="testSubtraction2 on testSubtraction2(junit_tests.BasicOperationsTest)" classname="junit_tests.BasicOperationsTest" time="0.009"/>
  <testcase name="testSubtraction3 on testSubtraction3(junit_tests.BasicOperationsTest)" classname="junit_tests.BasicOperationsTest" time="0.008"/>
  <testcase name="testPow1 on testPow1(junit_tests.AdvancedOperationsTest)" classname="junit_tests.AdvancedOperationsTest" time="0.012"/>
  <testcase name="testPow2 on testPow2(junit_tests.AdvancedOperationsTest)" classname="junit_tests.AdvancedOperationsTest" time="0.013"/>
  <testcase name="testPow3 on testPow3(junit_tests.AdvancedOperationsTest)" classname="junit_tests.AdvancedOperationsTest" time="0.128"/>
  <testcase name="testToRadians1 on testToRadians1(junit_tests.AdvancedOperationsTest)" classname="junit_tests.AdvancedOperationsTest" time="0.025"/>
  <testcase name="testToRadians2 on testToRadians2(junit_tests.AdvancedOperationsTest)" classname="junit_tests.AdvancedOperationsTest" time="0.02"/>
  <testcase name="testToRadians3 on testToRadians3(junit_tests.AdvancedOperationsTest)" classname="junit_tests.AdvancedOperationsTest" time="0.007"/>
  <testcase name="testSquareRoot1 on testSquareRoot1(junit_tests.AdvancedOperationsTest)" classname="junit_tests.AdvancedOperationsTest" time="0.006"/>
  <testcase name="testSquareRoot2 on testSquareRoot2(junit_tests.AdvancedOperationsTest)" classname="junit_tests.AdvancedOperationsTest" time="0.006"/>
  <testcase name="testSquareRoot3 on testSquareRoot3(junit_tests.AdvancedOperationsTest)" classname="junit_tests.AdvancedOperationsTest" time="0.005"/>
  <testcase name="testToDegrees1 on testToDegrees1(junit_tests.AdvancedOperationsTest)" classname="junit_tests.AdvancedOperationsTest" time="0.007"/>
  <testcase name="testToDegrees2 on testToDegrees2(junit_tests.AdvancedOperationsTest)" classname="junit_tests.AdvancedOperationsTest" time="0.011"/>
  <testcase name="testToDegrees3 on testToDegrees3(junit_tests.AdvancedOperationsTest)" classname="junit_tests.AdvancedOperationsTest" time="0.014"/>
  <testcase name="testRandom1 on testRandom1(junit_tests.AdvancedOperationsTest)" classname="junit_tests.AdvancedOperationsTest" time="0"/>
  <testcase name="testRandom2 on testRandom2(junit_tests.AdvancedOperationsTest)" classname="junit_tests.AdvancedOperationsTest" time="0.004"/>
  <testcase name="testRandom3 on testRandom3(junit_tests.AdvancedOperationsTest)" classname="junit_tests.AdvancedOperationsTest" time="0.005"/>
  <testcase name="testModula1 on testModula1(junit_tests.AdvancedOperationsTest)" classname="junit_tests.AdvancedOperationsTest" time="0.004"/>
  <testcase name="testModula2 on testModula2(junit_tests.AdvancedOperationsTest)" classname="junit_tests.AdvancedOperationsTest" time="0.006"/>
  <testcase name="testModula3 on testModula3(junit_tests.AdvancedOperationsTest)" classname="junit_tests.AdvancedOperationsTest" time="0.02"/>
  <testcase name="testMain on testMain(junit_tests.MainTest)" classname="junit_tests.MainTest" time="0.235"/>
</testsuite>