<?xml version="1.0" encoding="UTF-8"?>
<!-- Generated by org.testng.reporters.JUnitReportReporter -->
<testsuite hostname="DESKTOP-SJO0L42" name="junit_tests.BasicOperationsTest" tests="12" failures="0" timestamp="3 Nov 2016 10:19:18 GMT" time="0.450" errors="0">
  <testcase name="testMultiplication3" time="0.048" classname="junit_tests.BasicOperationsTest"/>
  <testcase name="testAddition1" time="0.048" classname="junit_tests.BasicOperationsTest"/>
  <testcase name="testDivision2" time="0.041" classname="junit_tests.BasicOperationsTest"/>
  <testcase name="testAddition3" time="0.009" classname="junit_tests.BasicOperationsTest"/>
  <testcase name="testDivision3" time="0.036" classname="junit_tests.BasicOperationsTest"/>
  <testcase name="testSubtraction3" time="0.008" classname="junit_tests.BasicOperationsTest"/>
  <testcase name="testSubtraction2" time="0.026" classname="junit_tests.BasicOperationsTest"/>
  <testcase name="testMultiplication1" time="0.109" classname="junit_tests.BasicOperationsTest"/>
  <testcase name="testAddition2" time="0.023" classname="junit_tests.BasicOperationsTest"/>
  <testcase name="testSubtraction1" time="0.010" classname="junit_tests.BasicOperationsTest"/>
  <testcase name="testMultiplication2" time="0.060" classname="junit_tests.BasicOperationsTest"/>
  <testcase name="testDivision1" time="0.032" classname="junit_tests.BasicOperationsTest"/>
</testsuite> <!-- junit_tests.BasicOperationsTest -->
