<?xml version="1.0" encoding="UTF-8"?>
<!-- Generated by org.testng.reporters.JUnitReportReporter -->
<testsuite hostname="DESKTOP-SJO0L42" name="junit_tests.BasicOperationsTest" tests="12" failures="0" timestamp="7 Nov 2016 11:37:42 GMT" time="0.430" errors="0">
  <testcase name="testSubtraction2" time="0.013" classname="junit_tests.BasicOperationsTest"/>
  <testcase name="testDivision1" time="0.023" classname="junit_tests.BasicOperationsTest"/>
  <testcase name="testMultiplication2" time="0.059" classname="junit_tests.BasicOperationsTest"/>
  <testcase name="testDivision3" time="0.083" classname="junit_tests.BasicOperationsTest"/>
  <testcase name="testMultiplication3" time="0.019" classname="junit_tests.BasicOperationsTest"/>
  <testcase name="testAddition3" time="0.012" classname="junit_tests.BasicOperationsTest"/>
  <testcase name="testAddition2" time="0.070" classname="junit_tests.BasicOperationsTest"/>
  <testcase name="testSubtraction1" time="0.023" classname="junit_tests.BasicOperationsTest"/>
  <testcase name="testSubtraction3" time="0.008" classname="junit_tests.BasicOperationsTest"/>
  <testcase name="testDivision2" time="0.032" classname="junit_tests.BasicOperationsTest"/>
  <testcase name="testAddition1" time="0.027" classname="junit_tests.BasicOperationsTest"/>
  <testcase name="testMultiplication1" time="0.061" classname="junit_tests.BasicOperationsTest"/>
</testsuite> <!-- junit_tests.BasicOperationsTest -->
