<?xml version="1.0" encoding="UTF-8"?>
<!-- Generated by org.testng.reporters.JUnitReportReporter -->
<testsuite hostname="DESKTOP-SJO0L42" name="junit_tests.MainTest" tests="1" failures="0" timestamp="7 Nov 2016 11:54:47 GMT" time="0.238" errors="0">
  <testcase name="testMain" time="0.238" classname="junit_tests.MainTest"/>
</testsuite> <!-- junit_tests.MainTest -->
