<?xml version="1.0" encoding="UTF-8"?>
<!-- Generated by org.testng.reporters.JUnitReportReporter -->
<testsuite hostname="DESKTOP-SJO0L42" name="junit_tests.BasicOperationsTest" tests="12" failures="0" timestamp="7 Nov 2016 11:54:47 GMT" time="0.407" errors="0">
  <testcase name="testSubtraction2" time="0.009" classname="junit_tests.BasicOperationsTest"/>
  <testcase name="testDivision1" time="0.027" classname="junit_tests.BasicOperationsTest"/>
  <testcase name="testMultiplication2" time="0.079" classname="junit_tests.BasicOperationsTest"/>
  <testcase name="testDivision3" time="0.061" classname="junit_tests.BasicOperationsTest"/>
  <testcase name="testMultiplication3" time="0.030" classname="junit_tests.BasicOperationsTest"/>
  <testcase name="testAddition3" time="0.008" classname="junit_tests.BasicOperationsTest"/>
  <testcase name="testAddition2" time="0.009" classname="junit_tests.BasicOperationsTest"/>
  <testcase name="testSubtraction1" time="0.038" classname="junit_tests.BasicOperationsTest"/>
  <testcase name="testSubtraction3" time="0.008" classname="junit_tests.BasicOperationsTest"/>
  <testcase name="testDivision2" time="0.059" classname="junit_tests.BasicOperationsTest"/>
  <testcase name="testAddition1" time="0.021" classname="junit_tests.BasicOperationsTest"/>
  <testcase name="testMultiplication1" time="0.058" classname="junit_tests.BasicOperationsTest"/>
</testsuite> <!-- junit_tests.BasicOperationsTest -->
