<?xml version="1.0" encoding="UTF-8"?>
<!-- Generated by org.testng.reporters.JUnitReportReporter -->
<testsuite hostname="DESKTOP-SJO0L42" name="junit_tests.AdvancedOperationsTest" tests="18" failures="0" timestamp="7 Nov 2016 11:37:42 GMT" time="0.148" errors="0">
  <testcase name="testModula3" time="0.013" classname="junit_tests.AdvancedOperationsTest"/>
  <testcase name="testModula1" time="0.006" classname="junit_tests.AdvancedOperationsTest"/>
  <testcase name="testToRadians3" time="0.006" classname="junit_tests.AdvancedOperationsTest"/>
  <testcase name="testToRadians1" time="0.008" classname="junit_tests.AdvancedOperationsTest"/>
  <testcase name="testToRadians2" time="0.007" classname="junit_tests.AdvancedOperationsTest"/>
  <testcase name="testModula2" time="0.005" classname="junit_tests.AdvancedOperationsTest"/>
  <testcase name="testRandom2" time="0.006" classname="junit_tests.AdvancedOperationsTest"/>
  <testcase name="testPow3" time="0.006" classname="junit_tests.AdvancedOperationsTest"/>
  <testcase name="testSquareRoot1" time="0.006" classname="junit_tests.AdvancedOperationsTest"/>
  <testcase name="testToDegrees1" time="0.012" classname="junit_tests.AdvancedOperationsTest"/>
  <testcase name="testToDegrees3" time="0.007" classname="junit_tests.AdvancedOperationsTest"/>
  <testcase name="testRandom3" time="0.007" classname="junit_tests.AdvancedOperationsTest"/>
  <testcase name="testSquareRoot2" time="0.006" classname="junit_tests.AdvancedOperationsTest"/>
  <testcase name="testSquareRoot3" time="0.007" classname="junit_tests.AdvancedOperationsTest"/>
  <testcase name="testToDegrees2" time="0.013" classname="junit_tests.AdvancedOperationsTest"/>
  <testcase name="testRandom1" time="0.016" classname="junit_tests.AdvancedOperationsTest"/>
  <testcase name="testPow1" time="0.007" classname="junit_tests.AdvancedOperationsTest"/>
  <testcase name="testPow2" time="0.010" classname="junit_tests.AdvancedOperationsTest"/>
</testsuite> <!-- junit_tests.AdvancedOperationsTest -->
